TN:
SF:src/modules/statements/useCases/createStatement/CreateStatementController.ts
FN:11,CreateStatementController
FN:12,Object.<anonymous>.CreateStatementController.execute
FNF:2
FNH:2
FNDA:6,CreateStatementController
FNDA:9,Object.<anonymous>.CreateStatementController.execute
DA:1,1
DA:2,1
DA:3,1
DA:4,1
DA:5,1
DA:6,6
DA:7,6
DA:8,6
DA:9,6
DA:10,1
DA:11,6
DA:12,6
DA:13,9
DA:14,9
DA:15,9
DA:16,9
DA:17,9
DA:18,9
DA:19,9
DA:20,9
DA:21,9
DA:22,9
DA:23,9
DA:24,9
DA:25,9
DA:26,9
DA:27,9
DA:28,9
DA:29,9
DA:30,9
DA:31,9
DA:32,9
DA:33,9
DA:34,9
DA:35,9
DA:36,6
LF:36
LH:36
BRDA:6,0,0,6
BRDA:11,1,0,6
BRDA:11,2,0,6
BRDA:12,3,0,9
BRDA:20,4,0,1
BRDA:21,5,0,8
BRF:6
BRH:6
end_of_record
TN:
SF:src/modules/statements/useCases/createStatement/CreateStatementError.ts
FN:5,UserNotFound
FN:11,InsufficientFunds
FNF:2
FNH:2
FNDA:3,UserNotFound
FNDA:4,InsufficientFunds
DA:1,1
DA:2,1
DA:3,7
DA:4,7
DA:5,7
DA:6,3
DA:7,3
DA:8,7
DA:9,7
DA:10,7
DA:11,7
DA:12,4
DA:13,4
DA:14,7
DA:15,7
LF:15
LH:15
BRDA:3,0,0,7
BRDA:4,1,0,7
BRDA:5,2,0,3
BRDA:10,3,0,7
BRDA:11,4,0,4
BRF:5
BRH:5
end_of_record
TN:
SF:src/modules/statements/useCases/createStatement/CreateStatementUseCase.ts
FN:11,CreateStatementUseCase
FN:19,Object.<anonymous>.CreateStatementUseCase.execute
FNF:2
FNH:2
FNDA:14,CreateStatementUseCase
FNDA:15,Object.<anonymous>.CreateStatementUseCase.execute
DA:1,1
DA:2,1
DA:3,1
DA:4,1
DA:5,1
DA:6,1
DA:7,1
DA:8,1
DA:9,1
DA:10,7
DA:11,7
DA:12,14
DA:13,14
DA:14,14
DA:15,14
DA:16,14
DA:17,14
DA:18,7
DA:19,7
DA:20,15
DA:21,15
DA:22,15
DA:23,1
DA:24,1
DA:25,14
DA:26,14
DA:27,2
DA:28,15
DA:29,15
DA:30,15
DA:31,15
DA:32,15
DA:33,15
DA:34,15
DA:35,4
DA:36,15
DA:37,15
DA:38,1
DA:39,1
DA:40,3
DA:41,15
DA:42,15
DA:43,1
DA:44,1
DA:45,15
DA:46,15
DA:47,15
DA:48,10
DA:49,10
DA:50,10
DA:51,10
DA:52,10
DA:53,10
DA:54,10
DA:55,15
DA:56,15
DA:57,15
DA:58,7
LF:58
LH:58
BRDA:10,0,0,7
BRDA:11,1,0,14
BRDA:19,2,0,15
BRDA:20,3,0,15
BRDA:22,4,0,1
BRDA:25,5,0,14
BRDA:26,6,0,12
BRDA:26,7,0,2
BRDA:34,8,0,8
BRDA:34,9,0,4
BRDA:37,10,0,1
BRDA:40,11,0,3
BRDA:42,12,0,1
BRDA:47,13,0,10
BRF:14
BRH:14
end_of_record
TN:
SF:src/modules/statements/useCases/createStatement/ICreateStatementDTO.ts
FN:1,(empty-report)
FNF:1
FNH:0
FNDA:0,(empty-report)
DA:1,0
DA:2,0
DA:3,0
DA:4,0
DA:5,0
DA:6,0
DA:7,0
DA:8,0
DA:9,0
DA:10,0
DA:11,0
DA:12,0
LF:12
LH:0
BRDA:1,0,0,0
BRF:1
BRH:0
end_of_record
TN:
SF:src/modules/statements/useCases/getBalance/GetBalanceController.ts
FN:7,GetBalanceController
FN:8,Object.<anonymous>.GetBalanceController.execute
FNF:2
FNH:2
FNDA:6,GetBalanceController
FNDA:2,Object.<anonymous>.GetBalanceController.execute
DA:1,1
DA:2,1
DA:3,1
DA:4,1
DA:5,1
DA:6,1
DA:7,6
DA:8,6
DA:9,2
DA:10,2
DA:11,2
DA:12,2
DA:13,2
DA:14,2
DA:15,2
DA:16,2
DA:17,2
DA:18,2
DA:19,6
LF:19
LH:19
BRDA:7,0,0,6
BRDA:7,1,0,6
BRDA:8,2,0,2
BRF:3
BRH:3
end_of_record
TN:
SF:src/modules/statements/useCases/getBalance/GetBalanceError.ts
FN:4,GetBalanceError
FNF:1
FNH:1
FNDA:2,GetBalanceError
DA:1,1
DA:2,1
DA:3,7
DA:4,7
DA:5,2
DA:6,2
DA:7,7
LF:7
LH:7
BRDA:3,0,0,7
BRDA:4,1,0,2
BRF:2
BRH:2
end_of_record
TN:
SF:src/modules/statements/useCases/getBalance/GetBalanceUseCase.ts
FN:19,GetBalanceUseCase
FN:27,Object.<anonymous>.GetBalanceUseCase.execute
FNF:2
FNH:2
FNDA:5,GetBalanceUseCase
FNDA:5,Object.<anonymous>.GetBalanceUseCase.execute
DA:1,1
DA:2,1
DA:3,1
DA:4,1
DA:5,1
DA:6,1
DA:7,1
DA:8,1
DA:9,1
DA:10,1
DA:11,1
DA:12,1
DA:13,1
DA:14,1
DA:15,1
DA:16,1
DA:17,1
DA:18,7
DA:19,7
DA:20,5
DA:21,5
DA:22,5
DA:23,5
DA:24,5
DA:25,5
DA:26,7
DA:27,7
DA:28,5
DA:29,5
DA:30,5
DA:31,2
DA:32,2
DA:33,3
DA:34,3
DA:35,3
DA:36,3
DA:37,3
DA:38,5
DA:39,5
DA:40,5
DA:41,5
DA:42,7
LF:42
LH:42
BRDA:18,0,0,7
BRDA:19,1,0,5
BRDA:27,2,0,5
BRDA:28,3,0,5
BRDA:30,4,0,4
BRDA:30,5,0,2
BRDA:33,6,0,3
BRF:7
BRH:7
end_of_record
TN:
SF:src/modules/statements/useCases/getBalance/IGetBalanceDTO.ts
FN:1,(empty-report)
FNF:1
FNH:0
FNDA:0,(empty-report)
DA:1,0
DA:2,0
DA:3,0
DA:4,0
LF:4
LH:0
BRDA:1,0,0,0
BRF:1
BRH:0
end_of_record
TN:
SF:src/modules/statements/useCases/getStatementOperation/GetStatementOperationController.ts
FN:6,GetStatementOperationController
FN:7,Object.<anonymous>.GetStatementOperationController.execute
FNF:2
FNH:2
FNDA:6,GetStatementOperationController
FNDA:3,Object.<anonymous>.GetStatementOperationController.execute
DA:1,1
DA:2,1
DA:3,1
DA:4,1
DA:5,1
DA:6,6
DA:7,6
DA:8,3
DA:9,3
DA:10,3
DA:11,3
DA:12,3
DA:13,3
DA:14,3
DA:15,3
DA:16,3
DA:17,3
DA:18,3
DA:19,3
DA:20,6
LF:20
LH:20
BRDA:6,0,0,6
BRDA:6,1,0,6
BRDA:7,2,0,3
BRF:3
BRH:3
end_of_record
TN:
SF:src/modules/statements/useCases/getStatementOperation/GetStatementOperationError.ts
FN:5,UserNotFound
FN:11,StatementNotFound
FNF:2
FNH:2
FNDA:2,UserNotFound
FNDA:2,StatementNotFound
DA:1,1
DA:2,1
DA:3,7
DA:4,7
DA:5,7
DA:6,2
DA:7,2
DA:8,7
DA:9,7
DA:10,7
DA:11,7
DA:12,2
DA:13,2
DA:14,7
DA:15,7
LF:15
LH:15
BRDA:3,0,0,7
BRDA:4,1,0,7
BRDA:5,2,0,2
BRDA:10,3,0,7
BRDA:11,4,0,2
BRF:5
BRH:5
end_of_record
TN:
SF:src/modules/statements/useCases/getStatementOperation/GetStatementOperationUseCase.ts
FN:14,GetStatementOperationUseCase
FN:22,Object.<anonymous>.GetStatementOperationUseCase.execute
FNF:2
FNH:2
FNDA:6,GetStatementOperationUseCase
FNDA:6,Object.<anonymous>.GetStatementOperationUseCase.execute
DA:1,1
DA:2,1
DA:3,1
DA:4,1
DA:5,1
DA:6,1
DA:7,1
DA:8,1
DA:9,1
DA:10,1
DA:11,1
DA:12,1
DA:13,7
DA:14,7
DA:15,6
DA:16,6
DA:17,6
DA:18,6
DA:19,6
DA:20,6
DA:21,7
DA:22,7
DA:23,6
DA:24,6
DA:25,6
DA:26,2
DA:27,2
DA:28,4
DA:29,4
DA:30,4
DA:31,6
DA:32,6
DA:33,2
DA:34,2
DA:35,2
DA:36,2
DA:37,6
DA:38,7
LF:38
LH:38
BRDA:13,0,0,7
BRDA:14,1,0,6
BRDA:22,2,0,6
BRDA:23,3,0,6
BRDA:25,4,0,2
BRDA:28,5,0,4
BRDA:32,6,0,2
BRF:7
BRH:7
end_of_record
TN:
SF:src/modules/statements/useCases/getStatementOperation/IGetStatementOperationDTO.ts
FN:1,(empty-report)
FNF:1
FNH:0
FNDA:0,(empty-report)
DA:1,0
DA:2,0
DA:3,0
DA:4,0
LF:4
LH:0
BRDA:1,0,0,0
BRF:1
BRH:0
end_of_record
TN:
SF:src/modules/users/useCases/authenticateUser/AuthenticateUserController.ts
FN:6,AuthenticateUserController
FN:7,Object.<anonymous>.AuthenticateUserController.execute
FNF:2
FNH:2
FNDA:6,AuthenticateUserController
FNDA:14,Object.<anonymous>.AuthenticateUserController.execute
DA:1,1
DA:2,1
DA:3,1
DA:4,1
DA:5,1
DA:6,6
DA:7,6
DA:8,14
DA:9,14
DA:10,14
DA:11,14
DA:12,14
DA:13,14
DA:14,14
DA:15,14
DA:16,14
DA:17,14
DA:18,14
DA:19,6
LF:19
LH:19
BRDA:6,0,0,6
BRDA:6,1,0,6
BRDA:7,2,0,14
BRF:3
BRH:3
end_of_record
TN:
SF:src/modules/users/useCases/authenticateUser/AuthenticateUserUseCase.ts
FN:18,AuthenticateUserUseCase
FN:23,Object.<anonymous>.AuthenticateUserUseCase.execute
FNF:2
FNH:2
FNDA:18,AuthenticateUserUseCase
FNDA:17,Object.<anonymous>.AuthenticateUserUseCase.execute
DA:1,1
DA:2,1
DA:3,1
DA:4,1
DA:5,1
DA:6,1
DA:7,1
DA:8,1
DA:9,1
DA:10,1
DA:11,1
DA:12,1
DA:13,1
DA:14,1
DA:15,1
DA:16,1
DA:17,8
DA:18,8
DA:19,18
DA:20,18
DA:21,18
DA:22,8
DA:23,8
DA:24,17
DA:25,17
DA:26,17
DA:27,2
DA:28,2
DA:29,15
DA:30,15
DA:31,17
DA:32,17
DA:33,2
DA:34,2
DA:35,13
DA:36,13
DA:37,13
DA:38,13
DA:39,13
DA:40,13
DA:41,13
DA:42,13
DA:43,13
DA:44,13
DA:45,13
DA:46,13
DA:47,13
DA:48,13
DA:49,13
DA:50,13
DA:51,13
DA:52,17
DA:53,8
LF:53
LH:53
BRDA:17,0,0,8
BRDA:18,1,0,18
BRDA:23,2,0,17
BRDA:24,3,0,17
BRDA:26,4,0,2
BRDA:29,5,0,15
BRDA:32,6,0,13
BRDA:32,7,0,2
BRF:8
BRH:8
end_of_record
TN:
SF:src/modules/users/useCases/authenticateUser/IAuthenticateUserResponseDTO.ts
FN:1,(empty-report)
FNF:1
FNH:0
FNDA:0,(empty-report)
DA:1,0
DA:2,0
DA:3,0
DA:4,0
DA:5,0
DA:6,0
LF:6
LH:0
BRDA:1,0,0,0
BRF:1
BRH:0
end_of_record
TN:
SF:src/modules/users/useCases/authenticateUser/IncorrectEmailOrPasswordError.ts
FN:4,IncorrectEmailOrPasswordError
FNF:1
FNH:1
FNDA:4,IncorrectEmailOrPasswordError
DA:1,1
DA:2,1
DA:3,8
DA:4,8
DA:5,4
DA:6,4
DA:7,8
LF:7
LH:7
BRDA:3,0,0,8
BRDA:4,1,0,4
BRF:2
BRH:2
end_of_record
TN:
SF:src/modules/users/useCases/createUser/CreateUserController.ts
FN:6,CreateUserController
FN:7,Object.<anonymous>.CreateUserController.execute
FNF:2
FNH:2
FNDA:6,CreateUserController
FNDA:11,Object.<anonymous>.CreateUserController.execute
DA:1,1
DA:2,1
DA:3,1
DA:4,1
DA:5,1
DA:6,6
DA:7,6
DA:8,11
DA:9,11
DA:10,11
DA:11,11
DA:12,11
DA:13,11
DA:14,11
DA:15,11
DA:16,11
DA:17,11
DA:18,11
DA:19,11
DA:20,6
LF:20
LH:20
BRDA:6,0,0,6
BRDA:6,1,0,6
BRDA:7,2,0,11
BRF:3
BRH:3
end_of_record
TN:
SF:src/modules/users/useCases/createUser/CreateUserError.ts
FN:4,CreateUserError
FNF:1
FNH:1
FNDA:5,CreateUserError
DA:1,1
DA:2,1
DA:3,7
DA:4,7
DA:5,5
DA:6,5
DA:7,7
LF:7
LH:7
BRDA:3,0,0,7
BRDA:4,1,0,5
BRF:2
BRH:2
end_of_record
TN:
SF:src/modules/users/useCases/createUser/CreateUserUseCase.ts
FN:11,CreateUserUseCase
FN:16,Object.<anonymous>.CreateUserUseCase.execute
FNF:2
FNH:2
FNDA:13,CreateUserUseCase
FNDA:14,Object.<anonymous>.CreateUserUseCase.execute
DA:1,1
DA:2,1
DA:3,1
DA:4,1
DA:5,1
DA:6,1
DA:7,1
DA:8,1
DA:9,1
DA:10,7
DA:11,7
DA:12,13
DA:13,13
DA:14,13
DA:15,7
DA:16,7
DA:17,14
DA:18,14
DA:19,14
DA:20,5
DA:21,5
DA:22,9
DA:23,9
DA:24,9
DA:25,14
DA:26,14
DA:27,14
DA:28,14
DA:29,14
DA:30,14
DA:31,14
DA:32,14
DA:33,14
DA:34,14
DA:35,7
LF:35
LH:35
BRDA:10,0,0,7
BRDA:11,1,0,13
BRDA:16,2,0,14
BRDA:17,3,0,14
BRDA:19,4,0,5
BRDA:22,5,0,9
BRF:6
BRH:6
end_of_record
TN:
SF:src/modules/users/useCases/createUser/ICreateUserDTO.ts
FN:1,(empty-report)
FNF:1
FNH:0
FNDA:0,(empty-report)
DA:1,0
DA:2,0
DA:3,0
DA:4,0
DA:5,0
LF:5
LH:0
BRDA:1,0,0,0
BRF:1
BRH:0
end_of_record
TN:
SF:src/modules/users/useCases/showUserProfile/ShowUserProfileController.ts
FN:7,ShowUserProfileController
FN:8,Object.<anonymous>.ShowUserProfileController.execute
FNF:2
FNH:2
FNDA:6,ShowUserProfileController
FNDA:2,Object.<anonymous>.ShowUserProfileController.execute
DA:1,1
DA:2,1
DA:3,1
DA:4,1
DA:5,1
DA:6,1
DA:7,6
DA:8,6
DA:9,2
DA:10,2
DA:11,2
DA:12,2
DA:13,2
DA:14,2
DA:15,2
DA:16,2
DA:17,2
DA:18,2
DA:19,6
LF:19
LH:19
BRDA:7,0,0,6
BRDA:7,1,0,6
BRDA:8,2,0,2
BRF:3
BRH:3
end_of_record
TN:
SF:src/modules/users/useCases/showUserProfile/ShowUserProfileError.ts
FN:4,ShowUserProfileError
FNF:1
FNH:1
FNDA:1,ShowUserProfileError
DA:1,1
DA:2,1
DA:3,7
DA:4,7
DA:5,1
DA:6,1
DA:7,7
LF:7
LH:7
BRDA:3,0,0,7
BRDA:4,1,0,1
BRF:2
BRH:2
end_of_record
TN:
SF:src/modules/users/useCases/showUserProfile/ShowUserProfileUseCase.ts
FN:8,ShowUserProfileUseCase
FN:13,Object.<anonymous>.ShowUserProfileUseCase.execute
FNF:2
FNH:2
FNDA:3,ShowUserProfileUseCase
FNDA:3,Object.<anonymous>.ShowUserProfileUseCase.execute
DA:1,1
DA:2,1
DA:3,1
DA:4,1
DA:5,1
DA:6,1
DA:7,7
DA:8,7
DA:9,3
DA:10,3
DA:11,3
DA:12,7
DA:13,7
DA:14,3
DA:15,3
DA:16,3
DA:17,1
DA:18,1
DA:19,2
DA:20,2
DA:21,3
DA:22,7
LF:22
LH:22
BRDA:7,0,0,7
BRDA:8,1,0,3
BRDA:13,2,0,3
BRDA:14,3,0,3
BRDA:16,4,0,2
BRDA:16,5,0,1
BRF:6
BRH:6
end_of_record
